<?xml version="1.0" encoding="UTF-8"?>
<!-- Generated by org.testng.reporters.JUnitReportReporter -->
<testsuite skipped="0" hostname="LAPTOP-I3TQ1GIR" name="com.java.jenkins.Java_1" tests="1" failures="0" timestamp="13 Apr 2018 10:01:53 GMT" time="0.000" errors="0">
  <testcase name="m1" time="0.000" classname="com.java.jenkins.Java_1"/>
</testsuite> <!-- com.java.jenkins.Java_1 -->
